Arguments: 
  C:\Program Files\nodejs\node.exe C:\Users\teslu\AppData\Roaming\npm\node_modules\yarn\bin\yarn.js config get npmScopes --json

PATH: 
  C:\WINDOWS\system32;C:\WINDOWS;C:\WINDOWS\System32\Wbem;C:\WINDOWS\System32\WindowsPowerShell\v1.0\;C:\WINDOWS\System32\OpenSSH\;C:\Program Files\Git\cmd;C:\Program Files\nodejs\;C:\Users\teslu\AppData\Local\Microsoft\WindowsApps;C:\Users\teslu\AppData\Roaming\npm

Yarn version: 
  1.22.19

Node version: 
  18.14.0

Platform: 
  win32 x64

Trace: 
  SyntaxError: C:\Users\teslu\IdeaProjects\sept-react\package.json: Unexpected token } in JSON at position 168
      at JSON.parse (<anonymous>)
      at C:\Users\teslu\AppData\Roaming\npm\node_modules\yarn\lib\cli.js:1629:59
      at Generator.next (<anonymous>)
      at step (C:\Users\teslu\AppData\Roaming\npm\node_modules\yarn\lib\cli.js:310:30)
      at C:\Users\teslu\AppData\Roaming\npm\node_modules\yarn\lib\cli.js:321:13

npm manifest: 
  {
    "name": "sept-react",
    "version": "1.0.0",
    "description": "",
    "main": "index.js",
    "scripts": {
      "test": "echo \"Error: no test specified\" && exit 1",
  
    },
    "dependencies": {
      "typescript": "^4.9.5",
      "axios": "0.27.1"
    },
    "repository": {
      "type": "git",
      "url": "git+https://github.com/TesliukK/sept-react.git",
  
    },
    "keywords": [],
    "author": "",
    "license": "ISC",
    "bugs": {
      "url": "https://github.com/TesliukK/sept-react/issues"
    },
    "homepage": "https://github.com/TesliukK/sept-react#readme"
  }

yarn manifest: 
  No manifest

Lockfile: 
  # THIS IS AN AUTOGENERATED FILE. DO NOT EDIT THIS FILE DIRECTLY.
  # yarn lockfile v1
  
  
  typescript@^4.9.5:
    version "4.9.5"
    resolved "https://registry.yarnpkg.com/typescript/-/typescript-4.9.5.tgz#095979f9bcc0d09da324d58d03ce8f8374cbe65a"
    integrity sha512-1FXk9E2Hm+QzZQ7z+McJiHL4NW1F2EzMu9Nq9i3zAaGqibafqYwCVU6WyWAuyQRRzOlxou8xZSyXLEN8oKj24g==
